2018-02-01 21:30:16,467:INFO:Getting source database Information
2018-02-01 21:30:16,467:INFO:Getting target database Information
2018-02-01 21:30:16,467:INFO:Source Database        = icprod
2018-02-01 21:30:16,467:INFO:Target Database        = icuat
2018-02-01 21:30:27,965:INFO:Checking if test1 schema exists in icuat database
2018-02-01 21:30:27,970:INFO:test1 schema already exists in icuat database
2018-02-01 21:30:27,971:INFO:Renaming test1 schema to test1_hold_20180201213016
2018-02-01 21:30:28,008:INFO:test1 schema renamed successfully to test1_hold_20180201213016
2018-02-01 21:30:28,009:INFO:Checking if test2 schema exists in icuat database
2018-02-01 21:30:28,012:INFO:test2 schema already exists in icuat database
2018-02-01 21:30:28,012:INFO:Renaming test2 schema to test2_hold_20180201213016
2018-02-01 21:30:28,023:INFO:test2 schema renamed successfully to test2_hold_20180201213016
2018-02-01 21:30:28,023:INFO:Checking if test3 schema exists in icuat database
2018-02-01 21:30:28,027:INFO:test3 schema already exists in icuat database
2018-02-01 21:30:28,027:INFO:Renaming test3 schema to test3_hold_20180201213016
2018-02-01 21:30:28,039:INFO:test3 schema renamed successfully to test3_hold_20180201213016
2018-02-01 21:30:35,076:INFO:Restore completed for test1 schema
2018-02-01 21:30:35,089:INFO:Restore completed for test2 schema
2018-02-01 21:30:35,101:INFO:Restore completed for test3 schema
2018-02-01 21:30:35,101:INFO:Checking if temp files already exists
2018-02-01 21:30:36,148:INFO:Fetching grant SQL statement from /tmp/test1_20180201.sql
2018-02-01 21:30:36,148:INFO:Fetching 'ALTER TABLE .. OWNER TO' SQL statement from /tmp/test1_20180201.sql
2018-02-01 21:30:36,149:INFO:Generating revoke statements from /tmp/test1_20180201.sql
2018-02-01 21:30:36,149:INFO:Creating new GRANT statement's file with uat roles
2018-02-01 21:30:36,149:INFO:Creating new 'ALTER TABLE .. OWNER TO' statement file with uat roles
2018-02-01 21:30:36,149:INFO:Gathering all statements in one SQL file: /tmp/uat_test1_refresh_20180201.sql
2018-02-01 21:30:36,149:INFO:Deleting temporary files
2018-02-01 21:30:36,149:INFO:Running generated SQL file
2018-02-01 21:30:36,186:INFO:Environment refresh from prod to uat completed
2018-02-01 21:30:36,187:INFO:Checking if temp files already exists
2018-02-01 21:30:37,320:INFO:Fetching grant SQL statement from /tmp/test2_20180201.sql
2018-02-01 21:30:37,321:INFO:Fetching 'ALTER TABLE .. OWNER TO' SQL statement from /tmp/test2_20180201.sql
2018-02-01 21:30:37,321:INFO:Generating revoke statements from /tmp/test2_20180201.sql
2018-02-01 21:30:37,321:INFO:Creating new GRANT statement's file with uat roles
2018-02-01 21:30:37,321:INFO:Creating new 'ALTER TABLE .. OWNER TO' statement file with uat roles
2018-02-01 21:30:37,321:INFO:Gathering all statements in one SQL file: /tmp/uat_test2_refresh_20180201.sql
2018-02-01 21:30:37,322:INFO:Deleting temporary files
2018-02-01 21:30:37,322:INFO:Running generated SQL file
2018-02-01 21:30:37,359:INFO:Environment refresh from prod to uat completed
2018-02-01 21:30:37,360:INFO:Checking if temp files already exists
2018-02-01 21:30:38,420:INFO:Fetching grant SQL statement from /tmp/test3_20180201.sql
2018-02-01 21:30:38,420:INFO:Fetching 'ALTER TABLE .. OWNER TO' SQL statement from /tmp/test3_20180201.sql
2018-02-01 21:30:38,420:INFO:Generating revoke statements from /tmp/test3_20180201.sql
2018-02-01 21:30:38,421:INFO:Creating new GRANT statement's file with uat roles
2018-02-01 21:30:38,421:INFO:Creating new 'ALTER TABLE .. OWNER TO' statement file with uat roles
2018-02-01 21:30:38,421:INFO:Gathering all statements in one SQL file: /tmp/uat_test3_refresh_20180201.sql
2018-02-01 21:30:38,421:INFO:Deleting temporary files
2018-02-01 21:30:38,421:INFO:Running generated SQL file
2018-02-01 21:30:38,459:INFO:Environment refresh from prod to uat completed
